[0m02:58:47.950641 [debug] [MainThread]: Sending event: {'category': 'dbt', 'action': 'invocation', 'label': 'start', 'context': [<snowplow_tracker.self_describing_json.SelfDescribingJson object at 0x000001B0545D09A0>, <snowplow_tracker.self_describing_json.SelfDescribingJson object at 0x000001B056EF4340>, <snowplow_tracker.self_describing_json.SelfDescribingJson object at 0x000001B056EF4130>]}


============================== 02:58:47.954140 | ccba07bc-af48-4bcc-9342-d97912e45504 ==============================
[0m02:58:47.954140 [info ] [MainThread]: Running with dbt=1.8.0
[0m02:58:47.955142 [debug] [MainThread]: running dbt with arguments {'printer_width': '80', 'indirect_selection': 'eager', 'write_json': 'True', 'log_cache_events': 'False', 'partial_parse': 'True', 'cache_selected_only': 'False', 'warn_error': 'None', 'fail_fast': 'False', 'debug': 'False', 'log_path': 'logs', 'version_check': 'True', 'profiles_dir': 'C:\\Users\\tlee\\.dbt', 'use_colors': 'True', 'use_experimental_parser': 'False', 'no_print': 'None', 'quiet': 'False', 'log_format': 'default', 'static_parser': 'True', 'introspect': 'True', 'invocation_command': 'dbt init', 'target_path': 'None', 'warn_error_options': 'WarnErrorOptions(include=[], exclude=[])', 'send_anonymous_usage_stats': 'True'}
[0m02:58:47.969640 [warn ] [MainThread]: [ConfigFolderDirectory]: Unable to parse logging event dictionary. Failed to parse dir field: expected string or bytes-like object.. Dictionary: {'dir': WindowsPath('C:/Users/tlee/.dbt')}
[0m02:58:47.970642 [info ] [MainThread]: Creating dbt configuration folder at 
[0m02:59:23.645603 [debug] [MainThread]: Starter project path: C:\Python310\lib\site-packages\dbt\include\starter_project
[0m02:59:23.666603 [info ] [MainThread]: 
Your new dbt project "dbt_core" was created!

For more information on how to configure the profiles.yml file,
please consult the dbt documentation here:

  https://docs.getdbt.com/docs/configure-your-profile

One more thing:

Need help? Don't hesitate to reach out to us via GitHub issues or on Slack:

  https://community.getdbt.com/

Happy modeling!

[0m02:59:23.668605 [info ] [MainThread]: Setting up your profile.
[0m02:59:31.461739 [debug] [MainThread]: Spark adapter: Setting pyhive.hive logging to ERROR
[0m02:59:31.462740 [debug] [MainThread]: Spark adapter: Setting thrift.transport logging to ERROR
[0m02:59:31.463240 [debug] [MainThread]: Spark adapter: Setting thrift.protocol logging to ERROR
[0m03:02:42.307192 [info ] [MainThread]: Profile dbt_core written to C:\Users\tlee\.dbt\profiles.yml using target's profile_template.yml and your supplied values. Run 'dbt debug' to validate the connection.
[0m03:02:42.309189 [debug] [MainThread]: Command `dbt init` succeeded at 03:02:42.309189 after 234.46 seconds
[0m03:02:42.310189 [debug] [MainThread]: Sending event: {'category': 'dbt', 'action': 'invocation', 'label': 'end', 'context': [<snowplow_tracker.self_describing_json.SelfDescribingJson object at 0x000001B0545D09A0>, <snowplow_tracker.self_describing_json.SelfDescribingJson object at 0x000001B056EF4340>, <snowplow_tracker.self_describing_json.SelfDescribingJson object at 0x000001B056ECD7E0>]}
[0m03:02:42.310691 [debug] [MainThread]: Flushing usage events
